[22:41:04] [Server thread/INFO]: Starting minecraft server version 1.10
[22:41:04] [Server console handler/ERROR]: Exception handling console input
java.io.IOException: The handle is invalid
	at java.io.FileInputStream.readBytes(Native Method) ~[?:1.8.0_112]
	at java.io.FileInputStream.read(Unknown Source) ~[?:1.8.0_112]
	at java.io.BufferedInputStream.read1(Unknown Source) ~[?:1.8.0_112]
	at java.io.BufferedInputStream.read(Unknown Source) ~[?:1.8.0_112]
	at sun.nio.cs.StreamDecoder.readBytes(Unknown Source) ~[?:1.8.0_112]
	at sun.nio.cs.StreamDecoder.implRead(Unknown Source) ~[?:1.8.0_112]
	at sun.nio.cs.StreamDecoder.read(Unknown Source) ~[?:1.8.0_112]
	at java.io.InputStreamReader.read(Unknown Source) ~[?:1.8.0_112]
	at java.io.BufferedReader.fill(Unknown Source) ~[?:1.8.0_112]
	at java.io.BufferedReader.readLine(Unknown Source) ~[?:1.8.0_112]
	at java.io.BufferedReader.readLine(Unknown Source) ~[?:1.8.0_112]
	at ld$2.run(SourceFile:95) [server.jar:?]
[22:41:04] [Server thread/INFO]: Loading properties
[22:41:04] [Server thread/INFO]: Default game type: SURVIVAL
[22:41:04] [Server thread/INFO]: Generating keypair
[22:41:04] [Server thread/INFO]: Starting Minecraft server on *:25565
[22:41:04] [Server thread/INFO]: Using default channel type
[22:41:05] [Server thread/WARN]: **** SERVER IS RUNNING IN OFFLINE/INSECURE MODE!
[22:41:05] [Server thread/WARN]: The server will make no attempt to authenticate usernames. Beware.
[22:41:05] [Server thread/WARN]: While this makes the game possible to play without internet access, it also opens up the ability for hackers to connect with any username they choose.
[22:41:05] [Server thread/WARN]: To change this, set "online-mode" to "true" in the server.properties file.
[22:41:05] [Server thread/INFO]: Preparing level "world"
[22:41:05] [Server thread/INFO]: Preparing start region for level 0
[22:41:06] [Server thread/INFO]: Preparing spawn area: 0%
[22:41:07] [Server thread/INFO]: Preparing spawn area: 53%
[22:41:08] [Server thread/INFO]: Done (2.947s)! For help, type "help" or "?"
[22:43:13] [Server thread/INFO]: Stopping server
[22:43:13] [Server thread/INFO]: Saving players
[22:43:13] [Server thread/INFO]: Saving worlds
[22:43:13] [Server thread/INFO]: Saving chunks for level 'world'/Overworld
[22:43:13] [Server thread/INFO]: Saving chunks for level 'world'/Nether
[22:43:13] [Server thread/INFO]: Saving chunks for level 'world'/The End
[22:43:13] [Server Shutdown Thread/INFO]: Stopping server
